izooto/build 2/intermediates/manifest_merge_blame_file/release/manifest-merger-blame-release-report.txt
1<?xml version="1.0" encoding="utf-8"?>
2<manifest xmlns:android="http://schemas.android.com/apk/res/android"
3    xmlns:tools="http://schemas.android.com/tools"
4    package="com.izooto"
5    android:versionCode="21"
6    android:versionName="1.5.0" >
7
8    <uses-sdk
9        android:minSdkVersion="19"
9-->src/main/AndroidManifest.xml
10        android:targetSdkVersion="31" />
10-->src/main/AndroidManifest.xml
11
12    <uses-permission android:name="android.permission.BROADCAST_CLOSE_SYSTEM_DIALOGS" />
12-->src/main/AndroidManifest.xml:6:5-89
12-->src/main/AndroidManifest.xml:6:22-86
13    <uses-permission android:name="android.permission.INTERNET" />
13-->src/main/AndroidManifest.xml:7:5-67
13-->src/main/AndroidManifest.xml:7:22-64
14    <uses-permission android:name="android.permission.WAKE_LOCK" />
14-->src/main/AndroidManifest.xml:8:5-68
14-->src/main/AndroidManifest.xml:8:22-65
15    <uses-permission android:name="android.permission.VIBRATE" />
15-->src/main/AndroidManifest.xml:9:5-66
15-->src/main/AndroidManifest.xml:9:22-63
16    <uses-permission android:name="android.permission.ACCESS_NETWORK_STATE" />
16-->src/main/AndroidManifest.xml:10:5-79
16-->src/main/AndroidManifest.xml:10:22-76
17    <uses-permission android:name="android.permission.ACCESS_WIFI_STATE" />
17-->src/main/AndroidManifest.xml:11:5-76
17-->src/main/AndroidManifest.xml:11:22-73
18
19    <permission
19-->src/main/AndroidManifest.xml:13:5-15:47
20        android:name="${applicationId}.permission.MIPUSH_RECEIVE"
20-->src/main/AndroidManifest.xml:14:9-66
21        android:protectionLevel="signature" />
21-->src/main/AndroidManifest.xml:15:9-44
22
23    <uses-permission android:name="${applicationId}.permission.MIPUSH_RECEIVE" />
23-->src/main/AndroidManifest.xml:17:5-82
23-->src/main/AndroidManifest.xml:17:22-79
24
25    <application
25-->src/main/AndroidManifest.xml:19:5-127:19
26        android:requestLegacyExternalStorage="true"
26-->src/main/AndroidManifest.xml:21:9-52
27        android:usesCleartextTraffic="true"
27-->src/main/AndroidManifest.xml:20:9-44
28        tools:targetApi="m" >
28-->src/main/AndroidManifest.xml:22:9-28
29        <provider
29-->src/main/AndroidManifest.xml:23:9-32:20
30            android:name="androidx.core.content.FileProvider"
30-->src/main/AndroidManifest.xml:24:13-62
31            android:authorities="${applicationId}.provider"
31-->src/main/AndroidManifest.xml:25:13-60
32            android:exported="false"
32-->src/main/AndroidManifest.xml:26:13-37
33            android:grantUriPermissions="true"
33-->src/main/AndroidManifest.xml:28:13-47
34            tools:replace="android:authorities" >
34-->src/main/AndroidManifest.xml:27:13-48
35            <meta-data
35-->src/main/AndroidManifest.xml:29:13-31:57
36                android:name="android.support.FILE_PROVIDER_PATHS"
36-->src/main/AndroidManifest.xml:30:17-67
37                android:resource="@xml/provider_path" />
37-->src/main/AndroidManifest.xml:31:17-54
38        </provider>
39
40        <activity
40-->src/main/AndroidManifest.xml:33:9-37:47
41            android:name="com.izooto.iZootoWebViewActivity"
41-->src/main/AndroidManifest.xml:34:13-60
42            android:exported="false"
42-->src/main/AndroidManifest.xml:36:13-37
43            android:launchMode="singleTask"
43-->src/main/AndroidManifest.xml:37:13-44
44            android:screenOrientation="portrait" />
44-->src/main/AndroidManifest.xml:35:13-49
45
46        <meta-data
46-->src/main/AndroidManifest.xml:38:9-39:36
47            android:name="android.webkit.WebView.EnableSafeBrowsing"
47-->src/main/AndroidManifest.xml:38:20-76
48            android:value="true" />
48-->src/main/AndroidManifest.xml:39:13-33
49
50        <receiver
50-->src/main/AndroidManifest.xml:40:9-52:20
51            android:name="com.izooto.NotificationActionReceiver"
51-->src/main/AndroidManifest.xml:41:13-65
52            android:enabled="true"
52-->src/main/AndroidManifest.xml:43:13-35
53            android:exported="true" >
53-->src/main/AndroidManifest.xml:42:13-36
54            <intent-filter>
54-->src/main/AndroidManifest.xml:45:13-51:29
55                <category android:name="android.intent.category.DEFAULT" />
55-->src/main/AndroidManifest.xml:46:17-75
55-->src/main/AndroidManifest.xml:46:27-73
56
57                <action android:name="actionBtnOne" />
57-->src/main/AndroidManifest.xml:47:17-55
57-->src/main/AndroidManifest.xml:47:25-52
58                <action android:name="actionBtnTwo" />
58-->src/main/AndroidManifest.xml:48:17-55
58-->src/main/AndroidManifest.xml:48:25-52
59                <action android:name="android.intent.action.VIEW" />
59-->src/main/AndroidManifest.xml:49:17-69
59-->src/main/AndroidManifest.xml:49:25-66
60            </intent-filter>
61        </receiver>
62
63        <service
63-->src/main/AndroidManifest.xml:53:9-60:19
64            android:name="com.izooto.iZootoMessagingService"
64-->src/main/AndroidManifest.xml:54:13-61
65            android:enabled="true"
65-->src/main/AndroidManifest.xml:55:13-35
66            android:exported="true" >
66-->src/main/AndroidManifest.xml:56:13-36
67            <intent-filter>
67-->src/main/AndroidManifest.xml:57:13-59:29
68                <action android:name="com.google.firebase.MESSAGING_EVENT" />
68-->src/main/AndroidManifest.xml:58:17-78
68-->src/main/AndroidManifest.xml:58:25-75
69            </intent-filter>
70        </service>
71
72        <activity
72-->src/main/AndroidManifest.xml:61:9-62:38
73            android:name="com.izooto.TargetActivity"
73-->src/main/AndroidManifest.xml:61:19-49
74            android:exported="true" />
74-->src/main/AndroidManifest.xml:62:13-36
75
76        <meta-data
76-->src/main/AndroidManifest.xml:64:9-66:48
77            android:name="izooto_app_id"
77-->src/main/AndroidManifest.xml:65:13-41
78            android:value="${izooto_app_id}" />
78-->src/main/AndroidManifest.xml:66:13-45
79
80        <service
80-->src/main/AndroidManifest.xml:67:9-70:46
81            android:name="com.xiaomi.push.service.XMPushService"
81-->src/main/AndroidManifest.xml:68:13-65
82            android:enabled="true"
82-->src/main/AndroidManifest.xml:69:13-35
83            android:process=":pushservice" />
83-->src/main/AndroidManifest.xml:70:13-43
84        <service
84-->src/main/AndroidManifest.xml:72:9-77:46
85            android:name="com.xiaomi.push.service.XMJobService"
85-->src/main/AndroidManifest.xml:73:13-64
86            android:enabled="true"
86-->src/main/AndroidManifest.xml:74:13-35
87            android:exported="false"
87-->src/main/AndroidManifest.xml:75:13-37
88            android:permission="android.permission.BIND_JOB_SERVICE"
88-->src/main/AndroidManifest.xml:76:13-69
89            android:process=":pushservice" />
89-->src/main/AndroidManifest.xml:77:13-43
90        <service
90-->src/main/AndroidManifest.xml:79:9-82:39
91            android:name="com.xiaomi.mipush.sdk.PushMessageHandler"
91-->src/main/AndroidManifest.xml:80:13-68
92            android:enabled="true"
92-->src/main/AndroidManifest.xml:81:13-35
93            android:exported="true" />
93-->src/main/AndroidManifest.xml:82:13-36
94        <service
94-->src/main/AndroidManifest.xml:84:9-86:38
95            android:name="com.xiaomi.mipush.sdk.MessageHandleService"
95-->src/main/AndroidManifest.xml:85:13-70
96            android:enabled="true" />
96-->src/main/AndroidManifest.xml:86:13-35
97
98        <receiver
98-->src/main/AndroidManifest.xml:87:9-100:20
99            android:name="com.izooto.XiaomiPushReceiver"
99-->src/main/AndroidManifest.xml:89:13-47
100            android:exported="true" >
100-->src/main/AndroidManifest.xml:88:13-36
101
102            <!-- Here change com.xiaomi.mipushdemo.DemoMessageRreceiver to the class name defined in your app -->
103            <intent-filter>
103-->src/main/AndroidManifest.xml:91:13-93:29
104                <action android:name="com.xiaomi.mipush.RECEIVE_MESSAGE" />
104-->src/main/AndroidManifest.xml:92:17-76
104-->src/main/AndroidManifest.xml:92:25-73
105            </intent-filter>
106            <intent-filter>
106-->src/main/AndroidManifest.xml:94:13-96:29
107                <action android:name="com.xiaomi.mipush.MESSAGE_ARRIVED" />
107-->src/main/AndroidManifest.xml:95:17-76
107-->src/main/AndroidManifest.xml:95:25-73
108            </intent-filter>
109            <intent-filter>
109-->src/main/AndroidManifest.xml:97:13-99:29
110                <action android:name="com.xiaomi.mipush.ERROR" />
110-->src/main/AndroidManifest.xml:98:17-66
110-->src/main/AndroidManifest.xml:98:25-63
111            </intent-filter>
112        </receiver>
113        <receiver
113-->src/main/AndroidManifest.xml:102:9-111:20
114            android:name="com.xiaomi.push.service.receivers.NetworkStatusReceiver"
114-->src/main/AndroidManifest.xml:103:13-83
115            android:exported="true" >
115-->src/main/AndroidManifest.xml:104:13-36
116            <intent-filter>
116-->src/main/AndroidManifest.xml:105:13-110:29
117                <action
117-->src/main/AndroidManifest.xml:106:17-107:50
118                    android:name="android.net.conn.CONNECTIVITY_CHANGE"
118-->src/main/AndroidManifest.xml:106:25-76
119                    tools:ignore="BatteryLife" />
119-->src/main/AndroidManifest.xml:107:21-47
120
121                <category android:name="android.intent.category.DEFAULT" />
121-->src/main/AndroidManifest.xml:46:17-75
121-->src/main/AndroidManifest.xml:46:27-73
122            </intent-filter>
123        </receiver>
124        <receiver
124-->src/main/AndroidManifest.xml:112:9-119:20
125            android:name="com.xiaomi.push.service.receivers.PingReceiver"
125-->src/main/AndroidManifest.xml:113:13-74
126            android:exported="false"
126-->src/main/AndroidManifest.xml:114:13-37
127            android:process=":pushservice" >
127-->src/main/AndroidManifest.xml:115:13-43
128            <intent-filter>
128-->src/main/AndroidManifest.xml:116:13-118:29
129                <action android:name="com.xiaomi.push.PING_TIMER" />
129-->src/main/AndroidManifest.xml:117:17-69
129-->src/main/AndroidManifest.xml:117:25-66
130            </intent-filter>
131        </receiver>
132
133        <service
133-->src/main/AndroidManifest.xml:120:9-125:19
134            android:name="com.izooto.iZootoHmsMessagingService"
134-->src/main/AndroidManifest.xml:120:18-59
135            android:exported="false" >
135-->src/main/AndroidManifest.xml:121:13-37
136            <intent-filter>
136-->src/main/AndroidManifest.xml:122:13-124:29
137                <action android:name="com.huawei.push.action.MESSAGING_EVENT" />
137-->src/main/AndroidManifest.xml:123:17-80
137-->src/main/AndroidManifest.xml:123:25-78
138            </intent-filter>
139        </service>
140    </application>
141
142</manifest>